c:\users\byron\downloads\full code\code\main_application2\main app.26ebf51a\x64\release\main application2.pch
c:\users\byron\downloads\full code\code\main_application2\main app.26ebf51a\x64\release\vc143.pdb
c:\users\byron\downloads\full code\code\main_application2\main app.26ebf51a\x64\release\pch.obj
c:\users\byron\downloads\full code\code\main_application2\main app.26ebf51a\x64\release\trainingstate.obj
c:\users\byron\downloads\full code\code\main_application2\main app.26ebf51a\x64\release\statepacket.obj
c:\users\byron\downloads\full code\code\main_application2\main app.26ebf51a\x64\release\rewardmanager.obj
c:\users\byron\downloads\full code\code\main_application2\main app.26ebf51a\x64\release\replaybuffer.obj
c:\users\byron\downloads\full code\code\main_application2\main app.26ebf51a\x64\release\neuron.obj
c:\users\byron\downloads\full code\code\main_application2\main app.26ebf51a\x64\release\networkdata.obj
c:\users\byron\downloads\full code\code\main_application2\main app.26ebf51a\x64\release\myexcept.obj
c:\users\byron\downloads\full code\code\main_application2\main app.26ebf51a\x64\release\mlp.obj
c:\users\byron\downloads\full code\code\main_application2\main app.26ebf51a\x64\release\maximumrewardtest.obj
c:\users\byron\downloads\full code\code\main_application2\main app.26ebf51a\x64\release\main application2.obj
c:\users\byron\downloads\full code\code\main_application2\main app.26ebf51a\x64\release\layer.obj
c:\users\byron\downloads\full code\code\main_application2\main app.26ebf51a\x64\release\interfaceserver.obj
c:\users\byron\downloads\full code\code\main_application2\main app.26ebf51a\x64\release\inouttest.obj
c:\users\byron\downloads\full code\code\main_application2\main app.26ebf51a\x64\release\helpers.obj
c:\users\byron\downloads\full code\code\main_application2\main app.26ebf51a\x64\release\definitions.obj
c:\users\byron\downloads\full code\code\main_application2\main app.26ebf51a\x64\release\deepqmanager.obj
c:\users\byron\downloads\full code\code\main_application2\main app.26ebf51a\x64\release\curriculummanager.obj
c:\users\byron\downloads\full code\code\main_application2\main app.26ebf51a\x64\release\control.obj
c:\users\byron\downloads\full code\code\main_application2\main app.26ebf51a\x64\release\autorecoverytest.obj
c:\users\byron\downloads\full code\code\main_application2\main app.26ebf51a\x64\release\actionmacros.obj
c:\users\byron\downloads\full code\code\main_application2\main app.26ebf51a\x64\release\trainingstatetest.obj
c:\users\byron\downloads\full code\code\main_application2\x64\release\main application2.exe
c:\users\byron\downloads\full code\code\main_application2\x64\release\main application2.pdb
c:\users\byron\downloads\full code\code\main_application2\main app.26ebf51a\x64\release\main application2.ipdb
c:\users\byron\downloads\full code\code\main_application2\main app.26ebf51a\x64\release\main application2.iobj
c:\users\byron\downloads\full code\code\main_application2\main app.26ebf51a\x64\release\main app.26ebf51a.tlog\cl.command.1.tlog
c:\users\byron\downloads\full code\code\main_application2\main app.26ebf51a\x64\release\main app.26ebf51a.tlog\cl.items.tlog
c:\users\byron\downloads\full code\code\main_application2\main app.26ebf51a\x64\release\main app.26ebf51a.tlog\cl.read.1.tlog
c:\users\byron\downloads\full code\code\main_application2\main app.26ebf51a\x64\release\main app.26ebf51a.tlog\cl.write.1.tlog
c:\users\byron\downloads\full code\code\main_application2\main app.26ebf51a\x64\release\main app.26ebf51a.tlog\link.command.1.tlog
c:\users\byron\downloads\full code\code\main_application2\main app.26ebf51a\x64\release\main app.26ebf51a.tlog\link.read.1.tlog
c:\users\byron\downloads\full code\code\main_application2\main app.26ebf51a\x64\release\main app.26ebf51a.tlog\link.secondary.1.tlog
c:\users\byron\downloads\full code\code\main_application2\main app.26ebf51a\x64\release\main app.26ebf51a.tlog\link.write.1.tlog
