c:\users\byron\documents\github\graduate-dissertation-byron-griggs\code\main_application2\main app.26ebf51a\x64\debug\main application2.pch
c:\users\byron\documents\github\graduate-dissertation-byron-griggs\code\main_application2\main app.26ebf51a\x64\debug\vc143.pdb
c:\users\byron\documents\github\graduate-dissertation-byron-griggs\code\main_application2\main app.26ebf51a\x64\debug\vc143.idb
c:\users\byron\documents\github\graduate-dissertation-byron-griggs\code\main_application2\main app.26ebf51a\x64\debug\pch.obj
c:\users\byron\documents\github\graduate-dissertation-byron-griggs\code\main_application2\main app.26ebf51a\x64\debug\statepacket.obj
c:\users\byron\documents\github\graduate-dissertation-byron-griggs\code\main_application2\main app.26ebf51a\x64\debug\replaybuffer.obj
c:\users\byron\documents\github\graduate-dissertation-byron-griggs\code\main_application2\main app.26ebf51a\x64\debug\neuron.obj
c:\users\byron\documents\github\graduate-dissertation-byron-griggs\code\main_application2\main app.26ebf51a\x64\debug\networkdata.obj
c:\users\byron\documents\github\graduate-dissertation-byron-griggs\code\main_application2\main app.26ebf51a\x64\debug\mlp.obj
c:\users\byron\documents\github\graduate-dissertation-byron-griggs\code\main_application2\main app.26ebf51a\x64\debug\main application2.obj
c:\users\byron\documents\github\graduate-dissertation-byron-griggs\code\main_application2\main app.26ebf51a\x64\debug\layer.obj
c:\users\byron\documents\github\graduate-dissertation-byron-griggs\code\main_application2\main app.26ebf51a\x64\debug\interfaceserver.obj
c:\users\byron\documents\github\graduate-dissertation-byron-griggs\code\main_application2\main app.26ebf51a\x64\debug\inouttest.obj
c:\users\byron\documents\github\graduate-dissertation-byron-griggs\code\main_application2\main app.26ebf51a\x64\debug\helpers.obj
c:\users\byron\documents\github\graduate-dissertation-byron-griggs\code\main_application2\main app.26ebf51a\x64\debug\definitions.obj
c:\users\byron\documents\github\graduate-dissertation-byron-griggs\code\main_application2\main app.26ebf51a\x64\debug\deepqmanager.obj
c:\users\byron\documents\github\graduate-dissertation-byron-griggs\code\main_application2\main app.26ebf51a\x64\debug\curriculummanager.obj
c:\users\byron\documents\github\graduate-dissertation-byron-griggs\code\main_application2\main app.26ebf51a\x64\debug\control.obj
c:\users\byron\documents\github\graduate-dissertation-byron-griggs\code\main_application2\main app.26ebf51a\x64\debug\actionmacros.obj
c:\users\byron\documents\github\graduate-dissertation-byron-griggs\code\main_application2\main app.26ebf51a\x64\debug\trainingstatetest.obj
c:\users\byron\documents\github\graduate-dissertation-byron-griggs\code\main_application2\main app.26ebf51a\x64\debug\autorecoverytest.obj
c:\users\byron\documents\github\graduate-dissertation-byron-griggs\code\main_application2\x64\debug\main application2.exe
c:\users\byron\documents\github\graduate-dissertation-byron-griggs\code\main_application2\x64\debug\main application2.pdb
c:\users\byron\documents\github\graduate-dissertation-byron-griggs\code\main_application2\main app.26ebf51a\x64\debug\main app.26ebf51a.tlog\cl.command.1.tlog
c:\users\byron\documents\github\graduate-dissertation-byron-griggs\code\main_application2\main app.26ebf51a\x64\debug\main app.26ebf51a.tlog\cl.items.tlog
c:\users\byron\documents\github\graduate-dissertation-byron-griggs\code\main_application2\main app.26ebf51a\x64\debug\main app.26ebf51a.tlog\cl.read.1.tlog
c:\users\byron\documents\github\graduate-dissertation-byron-griggs\code\main_application2\main app.26ebf51a\x64\debug\main app.26ebf51a.tlog\cl.write.1.tlog
c:\users\byron\documents\github\graduate-dissertation-byron-griggs\code\main_application2\main app.26ebf51a\x64\debug\main app.26ebf51a.tlog\link-cvtres.read.1.tlog
c:\users\byron\documents\github\graduate-dissertation-byron-griggs\code\main_application2\main app.26ebf51a\x64\debug\main app.26ebf51a.tlog\link-cvtres.write.1.tlog
c:\users\byron\documents\github\graduate-dissertation-byron-griggs\code\main_application2\main app.26ebf51a\x64\debug\main app.26ebf51a.tlog\link-rc.read.1.tlog
c:\users\byron\documents\github\graduate-dissertation-byron-griggs\code\main_application2\main app.26ebf51a\x64\debug\main app.26ebf51a.tlog\link-rc.write.1.tlog
c:\users\byron\documents\github\graduate-dissertation-byron-griggs\code\main_application2\main app.26ebf51a\x64\debug\main app.26ebf51a.tlog\link.command.1.tlog
c:\users\byron\documents\github\graduate-dissertation-byron-griggs\code\main_application2\main app.26ebf51a\x64\debug\main app.26ebf51a.tlog\link.read.1.tlog
c:\users\byron\documents\github\graduate-dissertation-byron-griggs\code\main_application2\main app.26ebf51a\x64\debug\main app.26ebf51a.tlog\link.read.2.tlog
c:\users\byron\documents\github\graduate-dissertation-byron-griggs\code\main_application2\main app.26ebf51a\x64\debug\main app.26ebf51a.tlog\link.read.3.tlog
c:\users\byron\documents\github\graduate-dissertation-byron-griggs\code\main_application2\main app.26ebf51a\x64\debug\main app.26ebf51a.tlog\link.read.4.tlog
c:\users\byron\documents\github\graduate-dissertation-byron-griggs\code\main_application2\main app.26ebf51a\x64\debug\main app.26ebf51a.tlog\link.secondary.1.tlog
c:\users\byron\documents\github\graduate-dissertation-byron-griggs\code\main_application2\main app.26ebf51a\x64\debug\main app.26ebf51a.tlog\link.write.1.tlog
